<?xml version="1.0" encoding="UTF-8"?>
<!-- Generated by org.testng.reporters.JUnitReportReporter -->
<testsuite hostname="Rajesh" failures="0" tests="1" name="com.viniculum.businessrole.Sample" time="23.304" errors="0" timestamp="2023-09-11T21:59:24 IST" skipped="0">
  <testcase classname="com.viniculum.businessrole.Sample" name="trialTest" time="23.304"/>
  <system-out/>
</testsuite> <!-- com.viniculum.businessrole.Sample -->
