<?xml version="1.0" encoding="UTF-8"?>
<!-- Generated by org.testng.reporters.JUnitReportReporter -->
<testsuite hostname="DESKTOP-QO8CS0F" failures="0" tests="1" name="com.viniculum.master.ProductMasterScript" time="80.143" errors="0" timestamp="2023-09-21T16:25:26 IST" skipped="0">
  <testcase classname="com.viniculum.master.ProductMasterScript" name="verifyToCreateNewCategory" time="80.143"/>
  <system-out/>
</testsuite> <!-- com.viniculum.master.ProductMasterScript -->
