<?xml version="1.0" encoding="UTF-8"?>
<!-- Generated by org.testng.reporters.JUnitReportReporter -->
<testsuite hostname="Rajesh" failures="0" tests="1" name="com.viniculum.businessrole.ProductTest" time="22.064" errors="0" timestamp="2023-09-20T18:35:02 IST" skipped="0">
  <testcase classname="com.viniculum.businessrole.ProductTest" name="verifyCodeAlreadyExistedError" time="22.064"/>
  <system-out/>
</testsuite> <!-- com.viniculum.businessrole.ProductTest -->
