<?xml version="1.0" encoding="UTF-8"?>
<!-- Generated by org.testng.reporters.JUnitReportReporter -->
<testsuite hostname="Rajesh" failures="0" tests="1" name="com.viniculum.businessrole.BusinessRoleTest" time="42.501" errors="0" timestamp="2023-09-11T13:18:18 IST" skipped="0">
  <testcase classname="com.viniculum.businessrole.BusinessRoleTest" name="VerifyBusinessRoleCreationTest" time="42.501"/>
  <system-out/>
</testsuite> <!-- com.viniculum.businessrole.BusinessRoleTest -->
